# JRE version: Java(TM) SE Runtime Environment (8.0_101-b13) (build 1.8.0_101-b13)
# Java VM: Java HotSpot(TM) 64-Bit Server VM (25.101-b13 mixed mode windows-amd64 compressed oops)
Heap:
 par new generation   total 943744K, used 47816K [0x0000000700000000, 0x0000000740000000, 0x0000000740000000)
  eden space 838912K,   1% used [0x0000000700000000, 0x0000000700fbd088, 0x0000000733340000)
  from space 104832K,  30% used [0x00000007399a0000, 0x000000073b8950f8, 0x0000000740000000)
  to   space 104832K,   0% used [0x0000000733340000, 0x0000000733340000, 0x00000007399a0000)
 concurrent mark-sweep generation total 1452532K, used 852555K [0x0000000740000000, 0x0000000798a7d000, 0x00000007c0000000)
 Metaspace       used 141182K, capacity 141899K, committed 143288K, reserved 1173504K
  class space    used 19879K, capacity 20063K, committed 20192K, reserved 1048576K
GC Heap History (10 events):
Event: 3878.772 GC heap before
{Heap before GC invocations=328 (full 38):
 par new generation   total 943744K, used 859895K [0x0000000700000000, 0x0000000740000000, 0x0000000740000000)
  eden space 838912K, 100% used [0x0000000700000000, 0x0000000733340000, 0x0000000733340000)
  from space 104832K,  20% used [0x0000000733340000, 0x00000007347bde28, 0x00000007399a0000)
  to   space 104832K,   0% used [0x00000007399a0000, 0x00000007399a0000, 0x0000000740000000)
 concurrent mark-sweep generation total 1452532K, used 852289K [0x0000000740000000, 0x0000000798a7d000, 0x00000007c0000000)
 Metaspace       used 141167K, capacity 141899K, committed 143288K, reserved 1173504K
  class space    used 19879K, capacity 20063K, committed 20192K, reserved 1048576K
Event: 3878.792 GC heap after
Heap after GC invocations=329 (full 38):
 par new generation   total 943744K, used 12065K [0x0000000700000000, 0x0000000740000000, 0x0000000740000000)
  eden space 838912K,   0% used [0x0000000700000000, 0x0000000700000000, 0x0000000733340000)
  from space 104832K,  11% used [0x00000007399a0000, 0x000000073a568550, 0x0000000740000000)
  to   space 104832K,   0% used [0x0000000733340000, 0x0000000733340000, 0x00000007399a0000)
 concurrent mark-sweep generation total 1452532K, used 852289K [0x0000000740000000, 0x0000000798a7d000, 0x00000007c0000000)
 Metaspace       used 141167K, capacity 141899K, committed 143288K, reserved 1173504K
  class space    used 19879K, capacity 20063K, committed 20192K, reserved 1048576K
}
Event: 3901.762 GC heap before
{Heap before GC invocations=329 (full 38):
 par new generation   total 943744K, used 850977K [0x0000000700000000, 0x0000000740000000, 0x0000000740000000)
  eden space 838912K, 100% used [0x0000000700000000, 0x0000000733340000, 0x0000000733340000)
  from space 104832K,  11% used [0x00000007399a0000, 0x000000073a568550, 0x0000000740000000)
  to   space 104832K,   0% used [0x0000000733340000, 0x0000000733340000, 0x00000007399a0000)
 concurrent mark-sweep generation total 1452532K, used 852289K [0x0000000740000000, 0x0000000798a7d000, 0x00000007c0000000)
 Metaspace       used 141169K, capacity 141899K, committed 143288K, reserved 1173504K
  class space    used 19879K, capacity 20063K, committed 20192K, reserved 1048576K
Event: 3901.846 GC heap after
Heap after GC invocations=330 (full 38):
 par new generation   total 943744K, used 21623K [0x0000000700000000, 0x0000000740000000, 0x0000000740000000)
  eden space 838912K,   0% used [0x0000000700000000, 0x0000000700000000, 0x0000000733340000)
  from space 104832K,  20% used [0x0000000733340000, 0x000000073485dce8, 0x00000007399a0000)
  to   space 104832K,   0% used [0x00000007399a0000, 0x00000007399a0000, 0x0000000740000000)
 concurrent mark-sweep generation total 1452532K, used 852289K [0x0000000740000000, 0x0000000798a7d000, 0x00000007c0000000)
 Metaspace       used 141169K, capacity 141899K, committed 143288K, reserved 1173504K
  class space    used 19879K, capacity 20063K, committed 20192K, reserved 1048576K
}
Event: 3925.752 GC heap before
{Heap before GC invocations=330 (full 38):
 par new generation   total 943744K, used 860535K [0x0000000700000000, 0x0000000740000000, 0x0000000740000000)
  eden space 838912K, 100% used [0x0000000700000000, 0x0000000733340000, 0x0000000733340000)
  from space 104832K,  20% used [0x0000000733340000, 0x000000073485dce8, 0x00000007399a0000)
  to   space 104832K,   0% used [0x00000007399a0000, 0x00000007399a0000, 0x0000000740000000)
 concurrent mark-sweep generation total 1452532K, used 852289K [0x0000000740000000, 0x0000000798a7d000, 0x00000007c0000000)
 Metaspace       used 141173K, capacity 141899K, committed 143288K, reserved 1173504K
  class space    used 19879K, capacity 20063K, committed 20192K, reserved 1048576K
Event: 3925.798 GC heap after
Heap after GC invocations=331 (full 38):
 par new generation   total 943744K, used 23189K [0x0000000700000000, 0x0000000740000000, 0x0000000740000000)
  eden space 838912K,   0% used [0x0000000700000000, 0x0000000700000000, 0x0000000733340000)
  from space 104832K,  22% used [0x00000007399a0000, 0x000000073b045520, 0x0000000740000000)
  to   space 104832K,   0% used [0x0000000733340000, 0x0000000733340000, 0x00000007399a0000)
 concurrent mark-sweep generation total 1452532K, used 852289K [0x0000000740000000, 0x0000000798a7d000, 0x00000007c0000000)
 Metaspace       used 141173K, capacity 141899K, committed 143288K, reserved 1173504K
  class space    used 19879K, capacity 20063K, committed 20192K, reserved 1048576K
}
Event: 3945.865 GC heap before
{Heap before GC invocations=331 (full 38):
 par new generation   total 943744K, used 862101K [0x0000000700000000, 0x0000000740000000, 0x0000000740000000)
  eden space 838912K, 100% used [0x0000000700000000, 0x0000000733340000, 0x0000000733340000)
  from space 104832K,  22% used [0x00000007399a0000, 0x000000073b045520, 0x0000000740000000)
  to   space 104832K,   0% used [0x0000000733340000, 0x0000000733340000, 0x00000007399a0000)
 concurrent mark-sweep generation total 1452532K, used 852289K [0x0000000740000000, 0x0000000798a7d000, 0x00000007c0000000)
 Metaspace       used 141180K, capacity 141899K, committed 143288K, reserved 1173504K
  class space    used 19879K, capacity 20063K, committed 20192K, reserved 1048576K
Event: 3945.900 GC heap after
Heap after GC invocations=332 (full 38):
 par new generation   total 943744K, used 22962K [0x0000000700000000, 0x0000000740000000, 0x0000000740000000)
  eden space 838912K,   0% used [0x0000000700000000, 0x0000000700000000, 0x0000000733340000)
  from space 104832K,  21% used [0x0000000733340000, 0x00000007349ac928, 0x00000007399a0000)
  to   space 104832K,   0% used [0x00000007399a0000, 0x00000007399a0000, 0x0000000740000000)
 concurrent mark-sweep generation total 1452532K, used 852289K [0x0000000740000000, 0x0000000798a7d000, 0x00000007c0000000)
 Metaspace       used 141180K, capacity 141899K, committed 143288K, reserved 1173504K
  class space    used 19879K, capacity 20063K, committed 20192K, reserved 1048576K
}
Event: 3972.223 GC heap before
{Heap before GC invocations=332 (full 38):
 par new generation   total 943744K, used 861874K [0x0000000700000000, 0x0000000740000000, 0x0000000740000000)
  eden space 838912K, 100% used [0x0000000700000000, 0x0000000733340000, 0x0000000733340000)
  from space 104832K,  21% used [0x0000000733340000, 0x00000007349ac928, 0x00000007399a0000)
  to   space 104832K,   0% used [0x00000007399a0000, 0x00000007399a0000, 0x0000000740000000)
 concurrent mark-sweep generation total 1452532K, used 852289K [0x0000000740000000, 0x0000000798a7d000, 0x00000007c0000000)
 Metaspace       used 141182K, capacity 141899K, committed 143288K, reserved 1173504K
  class space    used 19879K, capacity 20063K, committed 20192K, reserved 1048576K
Event: 3972.287 GC heap after
Heap after GC invocations=333 (full 38):
 par new generation   total 943744K, used 31700K [0x0000000700000000, 0x0000000740000000, 0x0000000740000000)
  eden space 838912K,   0% used [0x0000000700000000, 0x0000000700000000, 0x0000000733340000)
  from space 104832K,  30% used [0x00000007399a0000, 0x000000073b8950f8, 0x0000000740000000)
  to   space 104832K,   0% used [0x0000000733340000, 0x0000000733340000, 0x00000007399a0000)
 concurrent mark-sweep generation total 1452532K, used 852555K [0x0000000740000000, 0x0000000798a7d000, 0x00000007c0000000)
 Metaspace       used 141182K, capacity 141899K, committed 143288K, reserved 1173504K
  class space    used 19879K, capacity 20063K, committed 20192K, reserved 1048576K
}

