# JRE version: Java(TM) SE Runtime Environment (8.0_101-b13) (build 1.8.0_101-b13)
# Java VM: Java HotSpot(TM) 64-Bit Server VM (25.101-b13 mixed mode windows-amd64 compressed oops)
Heap:
 par new generation   total 943744K, used 760940K [0x0000000700000000, 0x0000000740000000, 0x0000000740000000)
  eden space 838912K,  89% used [0x0000000700000000, 0x000000072dcf7fe8, 0x0000000733340000)
  from space 104832K,   9% used [0x0000000733340000, 0x0000000733d633f0, 0x00000007399a0000)
  to   space 104832K,   0% used [0x00000007399a0000, 0x00000007399a0000, 0x0000000740000000)
 concurrent mark-sweep generation total 1531264K, used 896131K [0x0000000740000000, 0x000000079d760000, 0x00000007c0000000)
 Metaspace       used 147199K, capacity 148071K, committed 148792K, reserved 1177600K
  class space    used 20328K, capacity 20553K, committed 20576K, reserved 1048576K
GC Heap History (10 events):
Event: 266983.535 GC heap before
{Heap before GC invocations=13940 (full 665):
 par new generation   total 943744K, used 849372K [0x0000000700000000, 0x0000000740000000, 0x0000000740000000)
  eden space 838912K, 100% used [0x0000000700000000, 0x0000000733340000, 0x0000000733340000)
  from space 104832K,   9% used [0x00000007399a0000, 0x000000073a3d7198, 0x0000000740000000)
  to   space 104832K,   0% used [0x0000000733340000, 0x0000000733340000, 0x00000007399a0000)
 concurrent mark-sweep generation total 1531264K, used 894538K [0x0000000740000000, 0x000000079d760000, 0x00000007c0000000)
 Metaspace       used 147199K, capacity 148071K, committed 148792K, reserved 1177600K
  class space    used 20328K, capacity 20553K, committed 20576K, reserved 1048576K
Event: 266983.553 GC heap after
Heap after GC invocations=13941 (full 665):
 par new generation   total 943744K, used 8074K [0x0000000700000000, 0x0000000740000000, 0x0000000740000000)
  eden space 838912K,   0% used [0x0000000700000000, 0x0000000700000000, 0x0000000733340000)
  from space 104832K,   7% used [0x0000000733340000, 0x0000000733b22ab0, 0x00000007399a0000)
  to   space 104832K,   0% used [0x00000007399a0000, 0x00000007399a0000, 0x0000000740000000)
 concurrent mark-sweep generation total 1531264K, used 894538K [0x0000000740000000, 0x000000079d760000, 0x00000007c0000000)
 Metaspace       used 147199K, capacity 148071K, committed 148792K, reserved 1177600K
  class space    used 20328K, capacity 20553K, committed 20576K, reserved 1048576K
}
Event: 267011.253 GC heap before
{Heap before GC invocations=13941 (full 665):
 par new generation   total 943744K, used 846986K [0x0000000700000000, 0x0000000740000000, 0x0000000740000000)
  eden space 838912K, 100% used [0x0000000700000000, 0x0000000733340000, 0x0000000733340000)
  from space 104832K,   7% used [0x0000000733340000, 0x0000000733b22ab0, 0x00000007399a0000)
  to   space 104832K,   0% used [0x00000007399a0000, 0x00000007399a0000, 0x0000000740000000)
 concurrent mark-sweep generation total 1531264K, used 894538K [0x0000000740000000, 0x000000079d760000, 0x00000007c0000000)
 Metaspace       used 147199K, capacity 148071K, committed 148792K, reserved 1177600K
  class space    used 20328K, capacity 20553K, committed 20576K, reserved 1048576K
Event: 267011.272 GC heap after
Heap after GC invocations=13942 (full 665):
 par new generation   total 943744K, used 8493K [0x0000000700000000, 0x0000000740000000, 0x0000000740000000)
  eden space 838912K,   0% used [0x0000000700000000, 0x0000000700000000, 0x0000000733340000)
  from space 104832K,   8% used [0x00000007399a0000, 0x000000073a1eb568, 0x0000000740000000)
  to   space 104832K,   0% used [0x0000000733340000, 0x0000000733340000, 0x00000007399a0000)
 concurrent mark-sweep generation total 1531264K, used 894538K [0x0000000740000000, 0x000000079d760000, 0x00000007c0000000)
 Metaspace       used 147199K, capacity 148071K, committed 148792K, reserved 1177600K
  class space    used 20328K, capacity 20553K, committed 20576K, reserved 1048576K
}
Event: 267036.121 GC heap before
{Heap before GC invocations=13942 (full 665):
 par new generation   total 943744K, used 847405K [0x0000000700000000, 0x0000000740000000, 0x0000000740000000)
  eden space 838912K, 100% used [0x0000000700000000, 0x0000000733340000, 0x0000000733340000)
  from space 104832K,   8% used [0x00000007399a0000, 0x000000073a1eb568, 0x0000000740000000)
  to   space 104832K,   0% used [0x0000000733340000, 0x0000000733340000, 0x00000007399a0000)
 concurrent mark-sweep generation total 1531264K, used 894538K [0x0000000740000000, 0x000000079d760000, 0x00000007c0000000)
 Metaspace       used 147199K, capacity 148071K, committed 148792K, reserved 1177600K
  class space    used 20328K, capacity 20553K, committed 20576K, reserved 1048576K
Event: 267036.143 GC heap after
Heap after GC invocations=13943 (full 665):
 par new generation   total 943744K, used 9549K [0x0000000700000000, 0x0000000740000000, 0x0000000740000000)
  eden space 838912K,   0% used [0x0000000700000000, 0x0000000700000000, 0x0000000733340000)
  from space 104832K,   9% used [0x0000000733340000, 0x0000000733c93560, 0x00000007399a0000)
  to   space 104832K,   0% used [0x00000007399a0000, 0x00000007399a0000, 0x0000000740000000)
 concurrent mark-sweep generation total 1531264K, used 895439K [0x0000000740000000, 0x000000079d760000, 0x00000007c0000000)
 Metaspace       used 147199K, capacity 148071K, committed 148792K, reserved 1177600K
  class space    used 20328K, capacity 20553K, committed 20576K, reserved 1048576K
}
Event: 267061.375 GC heap before
{Heap before GC invocations=13943 (full 665):
 par new generation   total 943744K, used 848461K [0x0000000700000000, 0x0000000740000000, 0x0000000740000000)
  eden space 838912K, 100% used [0x0000000700000000, 0x0000000733340000, 0x0000000733340000)
  from space 104832K,   9% used [0x0000000733340000, 0x0000000733c93560, 0x00000007399a0000)
  to   space 104832K,   0% used [0x00000007399a0000, 0x00000007399a0000, 0x0000000740000000)
 concurrent mark-sweep generation total 1531264K, used 895439K [0x0000000740000000, 0x000000079d760000, 0x00000007c0000000)
 Metaspace       used 147199K, capacity 148071K, committed 148792K, reserved 1177600K
  class space    used 20328K, capacity 20553K, committed 20576K, reserved 1048576K
Event: 267061.393 GC heap after
Heap after GC invocations=13944 (full 665):
 par new generation   total 943744K, used 11755K [0x0000000700000000, 0x0000000740000000, 0x0000000740000000)
  eden space 838912K,   0% used [0x0000000700000000, 0x0000000700000000, 0x0000000733340000)
  from space 104832K,  11% used [0x00000007399a0000, 0x000000073a51ae08, 0x0000000740000000)
  to   space 104832K,   0% used [0x0000000733340000, 0x0000000733340000, 0x00000007399a0000)
 concurrent mark-sweep generation total 1531264K, used 895946K [0x0000000740000000, 0x000000079d760000, 0x00000007c0000000)
 Metaspace       used 147199K, capacity 148071K, committed 148792K, reserved 1177600K
  class space    used 20328K, capacity 20553K, committed 20576K, reserved 1048576K
}
Event: 267086.024 GC heap before
{Heap before GC invocations=13944 (full 665):
 par new generation   total 943744K, used 850667K [0x0000000700000000, 0x0000000740000000, 0x0000000740000000)
  eden space 838912K, 100% used [0x0000000700000000, 0x0000000733340000, 0x0000000733340000)
  from space 104832K,  11% used [0x00000007399a0000, 0x000000073a51ae08, 0x0000000740000000)
  to   space 104832K,   0% used [0x0000000733340000, 0x0000000733340000, 0x00000007399a0000)
 concurrent mark-sweep generation total 1531264K, used 895946K [0x0000000740000000, 0x000000079d760000, 0x00000007c0000000)
 Metaspace       used 147199K, capacity 148071K, committed 148792K, reserved 1177600K
  class space    used 20328K, capacity 20553K, committed 20576K, reserved 1048576K
Event: 267086.058 GC heap after
Heap after GC invocations=13945 (full 665):
 par new generation   total 943744K, used 10380K [0x0000000700000000, 0x0000000740000000, 0x0000000740000000)
  eden space 838912K,   0% used [0x0000000700000000, 0x0000000700000000, 0x0000000733340000)
  from space 104832K,   9% used [0x0000000733340000, 0x0000000733d633f0, 0x00000007399a0000)
  to   space 104832K,   0% used [0x00000007399a0000, 0x00000007399a0000, 0x0000000740000000)
 concurrent mark-sweep generation total 1531264K, used 896131K [0x0000000740000000, 0x000000079d760000, 0x00000007c0000000)
 Metaspace       used 147199K, capacity 148071K, committed 148792K, reserved 1177600K
  class space    used 20328K, capacity 20553K, committed 20576K, reserved 1048576K
}

