# JRE version: Java(TM) SE Runtime Environment (8.0_101-b13) (build 1.8.0_101-b13)
# Java VM: Java HotSpot(TM) 64-Bit Server VM (25.101-b13 mixed mode windows-amd64 compressed oops)
Heap:
 par new generation   total 943744K, used 375166K [0x0000000700000000, 0x0000000740000000, 0x0000000740000000)
  eden space 838912K,  36% used [0x0000000700000000, 0x0000000712cad838, 0x0000000733340000)
  from space 104832K,  64% used [0x0000000733340000, 0x00000007374f2098, 0x00000007399a0000)
  to   space 104832K,   0% used [0x00000007399a0000, 0x00000007399a0000, 0x0000000740000000)
 concurrent mark-sweep generation total 1474128K, used 897581K [0x0000000740000000, 0x0000000799f94000, 0x00000007c0000000)
 Metaspace       used 140040K, capacity 140929K, committed 141880K, reserved 1171456K
  class space    used 19827K, capacity 20060K, committed 20064K, reserved 1048576K
GC Heap History (10 events):
Event: 1307.844 GC heap before
{Heap before GC invocations=220 (full 28):
 par new generation   total 943744K, used 889513K [0x0000000700000000, 0x0000000740000000, 0x0000000740000000)
  eden space 838912K, 100% used [0x0000000700000000, 0x0000000733340000, 0x0000000733340000)
  from space 104832K,  48% used [0x00000007399a0000, 0x000000073cb0a6d0, 0x0000000740000000)
  to   space 104832K,   0% used [0x0000000733340000, 0x0000000733340000, 0x00000007399a0000)
 concurrent mark-sweep generation total 1474128K, used 894321K [0x0000000740000000, 0x0000000799f94000, 0x00000007c0000000)
 Metaspace       used 139827K, capacity 140699K, committed 141624K, reserved 1171456K
  class space    used 19803K, capacity 20027K, committed 20064K, reserved 1048576K
Event: 1307.900 GC heap after
Heap after GC invocations=221 (full 28):
 par new generation   total 943744K, used 44601K [0x0000000700000000, 0x0000000740000000, 0x0000000740000000)
  eden space 838912K,   0% used [0x0000000700000000, 0x0000000700000000, 0x0000000733340000)
  from space 104832K,  42% used [0x0000000733340000, 0x0000000735ece760, 0x00000007399a0000)
  to   space 104832K,   0% used [0x00000007399a0000, 0x00000007399a0000, 0x0000000740000000)
 concurrent mark-sweep generation total 1474128K, used 895319K [0x0000000740000000, 0x0000000799f94000, 0x00000007c0000000)
 Metaspace       used 139827K, capacity 140699K, committed 141624K, reserved 1171456K
  class space    used 19803K, capacity 20027K, committed 20064K, reserved 1048576K
}
Event: 1323.395 GC heap before
{Heap before GC invocations=221 (full 28):
 par new generation   total 943744K, used 883513K [0x0000000700000000, 0x0000000740000000, 0x0000000740000000)
  eden space 838912K, 100% used [0x0000000700000000, 0x0000000733340000, 0x0000000733340000)
  from space 104832K,  42% used [0x0000000733340000, 0x0000000735ece760, 0x00000007399a0000)
  to   space 104832K,   0% used [0x00000007399a0000, 0x00000007399a0000, 0x0000000740000000)
 concurrent mark-sweep generation total 1474128K, used 895319K [0x0000000740000000, 0x0000000799f94000, 0x00000007c0000000)
 Metaspace       used 139838K, capacity 140705K, committed 141624K, reserved 1171456K
  class space    used 19804K, capacity 20028K, committed 20064K, reserved 1048576K
Event: 1323.445 GC heap after
Heap after GC invocations=222 (full 28):
 par new generation   total 943744K, used 41887K [0x0000000700000000, 0x0000000740000000, 0x0000000740000000)
  eden space 838912K,   0% used [0x0000000700000000, 0x0000000700000000, 0x0000000733340000)
  from space 104832K,  39% used [0x00000007399a0000, 0x000000073c287ef8, 0x0000000740000000)
  to   space 104832K,   0% used [0x0000000733340000, 0x0000000733340000, 0x00000007399a0000)
 concurrent mark-sweep generation total 1474128K, used 895609K [0x0000000740000000, 0x0000000799f94000, 0x00000007c0000000)
 Metaspace       used 139838K, capacity 140705K, committed 141624K, reserved 1171456K
  class space    used 19804K, capacity 20028K, committed 20064K, reserved 1048576K
}
Event: 1327.038 GC heap before
{Heap before GC invocations=222 (full 28):
 par new generation   total 943744K, used 880799K [0x0000000700000000, 0x0000000740000000, 0x0000000740000000)
  eden space 838912K, 100% used [0x0000000700000000, 0x0000000733340000, 0x0000000733340000)
  from space 104832K,  39% used [0x00000007399a0000, 0x000000073c287ef8, 0x0000000740000000)
  to   space 104832K,   0% used [0x0000000733340000, 0x0000000733340000, 0x00000007399a0000)
 concurrent mark-sweep generation total 1474128K, used 895609K [0x0000000740000000, 0x0000000799f94000, 0x00000007c0000000)
 Metaspace       used 139974K, capacity 140865K, committed 141880K, reserved 1171456K
  class space    used 19824K, capacity 20060K, committed 20064K, reserved 1048576K
Event: 1327.103 GC heap after
Heap after GC invocations=223 (full 28):
 par new generation   total 943744K, used 58324K [0x0000000700000000, 0x0000000740000000, 0x0000000740000000)
  eden space 838912K,   0% used [0x0000000700000000, 0x0000000700000000, 0x0000000733340000)
  from space 104832K,  55% used [0x0000000733340000, 0x0000000736c35220, 0x00000007399a0000)
  to   space 104832K,   0% used [0x00000007399a0000, 0x00000007399a0000, 0x0000000740000000)
 concurrent mark-sweep generation total 1474128K, used 895912K [0x0000000740000000, 0x0000000799f94000, 0x00000007c0000000)
 Metaspace       used 139974K, capacity 140865K, committed 141880K, reserved 1171456K
  class space    used 19824K, capacity 20060K, committed 20064K, reserved 1048576K
}
Event: 1331.907 GC heap before
{Heap before GC invocations=223 (full 28):
 par new generation   total 943744K, used 897236K [0x0000000700000000, 0x0000000740000000, 0x0000000740000000)
  eden space 838912K, 100% used [0x0000000700000000, 0x0000000733340000, 0x0000000733340000)
  from space 104832K,  55% used [0x0000000733340000, 0x0000000736c35220, 0x00000007399a0000)
  to   space 104832K,   0% used [0x00000007399a0000, 0x00000007399a0000, 0x0000000740000000)
 concurrent mark-sweep generation total 1474128K, used 895912K [0x0000000740000000, 0x0000000799f94000, 0x00000007c0000000)
 Metaspace       used 139999K, capacity 140929K, committed 141880K, reserved 1171456K
  class space    used 19825K, capacity 20060K, committed 20064K, reserved 1048576K
Event: 1331.963 GC heap after
Heap after GC invocations=224 (full 28):
 par new generation   total 943744K, used 60081K [0x0000000700000000, 0x0000000740000000, 0x0000000740000000)
  eden space 838912K,   0% used [0x0000000700000000, 0x0000000700000000, 0x0000000733340000)
  from space 104832K,  57% used [0x00000007399a0000, 0x000000073d44c608, 0x0000000740000000)
  to   space 104832K,   0% used [0x0000000733340000, 0x0000000733340000, 0x00000007399a0000)
 concurrent mark-sweep generation total 1474128K, used 896108K [0x0000000740000000, 0x0000000799f94000, 0x00000007c0000000)
 Metaspace       used 139999K, capacity 140929K, committed 141880K, reserved 1171456K
  class space    used 19825K, capacity 20060K, committed 20064K, reserved 1048576K
}
Event: 1337.946 GC heap before
{Heap before GC invocations=224 (full 28):
 par new generation   total 943744K, used 898993K [0x0000000700000000, 0x0000000740000000, 0x0000000740000000)
  eden space 838912K, 100% used [0x0000000700000000, 0x0000000733340000, 0x0000000733340000)
  from space 104832K,  57% used [0x00000007399a0000, 0x000000073d44c608, 0x0000000740000000)
  to   space 104832K,   0% used [0x0000000733340000, 0x0000000733340000, 0x00000007399a0000)
 concurrent mark-sweep generation total 1474128K, used 896108K [0x0000000740000000, 0x0000000799f94000, 0x00000007c0000000)
 Metaspace       used 140034K, capacity 140929K, committed 141880K, reserved 1171456K
  class space    used 19827K, capacity 20060K, committed 20064K, reserved 1048576K
Event: 1338.041 GC heap after
Heap after GC invocations=225 (full 28):
 par new generation   total 943744K, used 67272K [0x0000000700000000, 0x0000000740000000, 0x0000000740000000)
  eden space 838912K,   0% used [0x0000000700000000, 0x0000000700000000, 0x0000000733340000)
  from space 104832K,  64% used [0x0000000733340000, 0x00000007374f2098, 0x00000007399a0000)
  to   space 104832K,   0% used [0x00000007399a0000, 0x00000007399a0000, 0x0000000740000000)
 concurrent mark-sweep generation total 1474128K, used 897581K [0x0000000740000000, 0x0000000799f94000, 0x00000007c0000000)
 Metaspace       used 140034K, capacity 140929K, committed 141880K, reserved 1171456K
  class space    used 19827K, capacity 20060K, committed 20064K, reserved 1048576K
}

