# JRE version: Java(TM) SE Runtime Environment (8.0_101-b13) (build 1.8.0_101-b13)
# Java VM: Java HotSpot(TM) 64-Bit Server VM (25.101-b13 mixed mode windows-amd64 compressed oops)
Heap:
 par new generation   total 943744K, used 474190K [0x0000000700000000, 0x0000000740000000, 0x0000000740000000)
  eden space 838912K,  55% used [0x0000000700000000, 0x000000071c707aa0, 0x0000000733340000)
  from space 104832K,   7% used [0x0000000733340000, 0x0000000733b4bdf0, 0x00000007399a0000)
  to   space 104832K,   0% used [0x00000007399a0000, 0x00000007399a0000, 0x0000000740000000)
 concurrent mark-sweep generation total 1566648K, used 909440K [0x0000000740000000, 0x000000079f9ee000, 0x00000007c0000000)
 Metaspace       used 147510K, capacity 148509K, committed 149308K, reserved 1177600K
  class space    used 20228K, capacity 20482K, committed 20596K, reserved 1048576K
GC Heap History (10 events):
Event: 245827.217 GC heap before
{Heap before GC invocations=11812 (full 618):
 par new generation   total 943744K, used 849167K [0x0000000700000000, 0x0000000740000000, 0x0000000740000000)
  eden space 838912K, 100% used [0x0000000700000000, 0x0000000733340000, 0x0000000733340000)
  from space 104832K,   9% used [0x00000007399a0000, 0x000000073a3a3f80, 0x0000000740000000)
  to   space 104832K,   0% used [0x0000000733340000, 0x0000000733340000, 0x00000007399a0000)
 concurrent mark-sweep generation total 1566648K, used 908877K [0x0000000740000000, 0x000000079f9ee000, 0x00000007c0000000)
 Metaspace       used 147463K, capacity 148509K, committed 149308K, reserved 1177600K
  class space    used 20219K, capacity 20482K, committed 20596K, reserved 1048576K
Event: 245827.232 GC heap after
Heap after GC invocations=11813 (full 618):
 par new generation   total 943744K, used 7633K [0x0000000700000000, 0x0000000740000000, 0x0000000740000000)
  eden space 838912K,   0% used [0x0000000700000000, 0x0000000700000000, 0x0000000733340000)
  from space 104832K,   7% used [0x0000000733340000, 0x0000000733ab4600, 0x00000007399a0000)
  to   space 104832K,   0% used [0x00000007399a0000, 0x00000007399a0000, 0x0000000740000000)
 concurrent mark-sweep generation total 1566648K, used 908949K [0x0000000740000000, 0x000000079f9ee000, 0x00000007c0000000)
 Metaspace       used 147463K, capacity 148509K, committed 149308K, reserved 1177600K
  class space    used 20219K, capacity 20482K, committed 20596K, reserved 1048576K
}
Event: 245856.437 GC heap before
{Heap before GC invocations=11813 (full 618):
 par new generation   total 943744K, used 846545K [0x0000000700000000, 0x0000000740000000, 0x0000000740000000)
  eden space 838912K, 100% used [0x0000000700000000, 0x0000000733340000, 0x0000000733340000)
  from space 104832K,   7% used [0x0000000733340000, 0x0000000733ab4600, 0x00000007399a0000)
  to   space 104832K,   0% used [0x00000007399a0000, 0x00000007399a0000, 0x0000000740000000)
 concurrent mark-sweep generation total 1566648K, used 908949K [0x0000000740000000, 0x000000079f9ee000, 0x00000007c0000000)
 Metaspace       used 147463K, capacity 148509K, committed 149308K, reserved 1177600K
  class space    used 20219K, capacity 20482K, committed 20596K, reserved 1048576K
Event: 245856.455 GC heap after
Heap after GC invocations=11814 (full 618):
 par new generation   total 943744K, used 8077K [0x0000000700000000, 0x0000000740000000, 0x0000000740000000)
  eden space 838912K,   0% used [0x0000000700000000, 0x0000000700000000, 0x0000000733340000)
  from space 104832K,   7% used [0x00000007399a0000, 0x000000073a183628, 0x0000000740000000)
  to   space 104832K,   0% used [0x0000000733340000, 0x0000000733340000, 0x00000007399a0000)
 concurrent mark-sweep generation total 1566648K, used 909071K [0x0000000740000000, 0x000000079f9ee000, 0x00000007c0000000)
 Metaspace       used 147463K, capacity 148509K, committed 149308K, reserved 1177600K
  class space    used 20219K, capacity 20482K, committed 20596K, reserved 1048576K
}
Event: 245883.236 GC heap before
{Heap before GC invocations=11814 (full 618):
 par new generation   total 943744K, used 846989K [0x0000000700000000, 0x0000000740000000, 0x0000000740000000)
  eden space 838912K, 100% used [0x0000000700000000, 0x0000000733340000, 0x0000000733340000)
  from space 104832K,   7% used [0x00000007399a0000, 0x000000073a183628, 0x0000000740000000)
  to   space 104832K,   0% used [0x0000000733340000, 0x0000000733340000, 0x00000007399a0000)
 concurrent mark-sweep generation total 1566648K, used 909071K [0x0000000740000000, 0x000000079f9ee000, 0x00000007c0000000)
 Metaspace       used 147463K, capacity 148509K, committed 149308K, reserved 1177600K
  class space    used 20219K, capacity 20482K, committed 20596K, reserved 1048576K
Event: 245883.252 GC heap after
Heap after GC invocations=11815 (full 618):
 par new generation   total 943744K, used 8427K [0x0000000700000000, 0x0000000740000000, 0x0000000740000000)
  eden space 838912K,   0% used [0x0000000700000000, 0x0000000700000000, 0x0000000733340000)
  from space 104832K,   8% used [0x0000000733340000, 0x0000000733b7ac28, 0x00000007399a0000)
  to   space 104832K,   0% used [0x00000007399a0000, 0x00000007399a0000, 0x0000000740000000)
 concurrent mark-sweep generation total 1566648K, used 909137K [0x0000000740000000, 0x000000079f9ee000, 0x00000007c0000000)
 Metaspace       used 147463K, capacity 148509K, committed 149308K, reserved 1177600K
  class space    used 20219K, capacity 20482K, committed 20596K, reserved 1048576K
}
Event: 245910.228 GC heap before
{Heap before GC invocations=11815 (full 618):
 par new generation   total 943744K, used 847339K [0x0000000700000000, 0x0000000740000000, 0x0000000740000000)
  eden space 838912K, 100% used [0x0000000700000000, 0x0000000733340000, 0x0000000733340000)
  from space 104832K,   8% used [0x0000000733340000, 0x0000000733b7ac28, 0x00000007399a0000)
  to   space 104832K,   0% used [0x00000007399a0000, 0x00000007399a0000, 0x0000000740000000)
 concurrent mark-sweep generation total 1566648K, used 909137K [0x0000000740000000, 0x000000079f9ee000, 0x00000007c0000000)
 Metaspace       used 147463K, capacity 148509K, committed 149308K, reserved 1177600K
  class space    used 20219K, capacity 20482K, committed 20596K, reserved 1048576K
Event: 245910.249 GC heap after
Heap after GC invocations=11816 (full 618):
 par new generation   total 943744K, used 10785K [0x0000000700000000, 0x0000000740000000, 0x0000000740000000)
  eden space 838912K,   0% used [0x0000000700000000, 0x0000000700000000, 0x0000000733340000)
  from space 104832K,  10% used [0x00000007399a0000, 0x000000073a4284e8, 0x0000000740000000)
  to   space 104832K,   0% used [0x0000000733340000, 0x0000000733340000, 0x00000007399a0000)
 concurrent mark-sweep generation total 1566648K, used 909379K [0x0000000740000000, 0x000000079f9ee000, 0x00000007c0000000)
 Metaspace       used 147463K, capacity 148509K, committed 149308K, reserved 1177600K
  class space    used 20219K, capacity 20482K, committed 20596K, reserved 1048576K
}
Event: 245939.089 GC heap before
{Heap before GC invocations=11816 (full 618):
 par new generation   total 943744K, used 849697K [0x0000000700000000, 0x0000000740000000, 0x0000000740000000)
  eden space 838912K, 100% used [0x0000000700000000, 0x0000000733340000, 0x0000000733340000)
  from space 104832K,  10% used [0x00000007399a0000, 0x000000073a4284e8, 0x0000000740000000)
  to   space 104832K,   0% used [0x0000000733340000, 0x0000000733340000, 0x00000007399a0000)
 concurrent mark-sweep generation total 1566648K, used 909379K [0x0000000740000000, 0x000000079f9ee000, 0x00000007c0000000)
 Metaspace       used 147463K, capacity 148509K, committed 149308K, reserved 1177600K
  class space    used 20219K, capacity 20482K, committed 20596K, reserved 1048576K
Event: 245939.105 GC heap after
Heap after GC invocations=11817 (full 618):
 par new generation   total 943744K, used 8239K [0x0000000700000000, 0x0000000740000000, 0x0000000740000000)
  eden space 838912K,   0% used [0x0000000700000000, 0x0000000700000000, 0x0000000733340000)
  from space 104832K,   7% used [0x0000000733340000, 0x0000000733b4bdf0, 0x00000007399a0000)
  to   space 104832K,   0% used [0x00000007399a0000, 0x00000007399a0000, 0x0000000740000000)
 concurrent mark-sweep generation total 1566648K, used 909440K [0x0000000740000000, 0x000000079f9ee000, 0x00000007c0000000)
 Metaspace       used 147463K, capacity 148509K, committed 149308K, reserved 1177600K
  class space    used 20219K, capacity 20482K, committed 20596K, reserved 1048576K
}

