# JRE version: Java(TM) SE Runtime Environment (8.0_101-b13) (build 1.8.0_101-b13)
# Java VM: Java HotSpot(TM) 64-Bit Server VM (25.101-b13 mixed mode windows-amd64 compressed oops)
Heap:
 par new generation   total 943744K, used 802643K [0x0000000700000000, 0x0000000740000000, 0x0000000740000000)
  eden space 838912K,  90% used [0x0000000700000000, 0x000000072e1619a8, 0x0000000733340000)
  from space 104832K,  45% used [0x0000000733340000, 0x00000007361b3520, 0x00000007399a0000)
  to   space 104832K,   0% used [0x00000007399a0000, 0x00000007399a0000, 0x0000000740000000)
 concurrent mark-sweep generation total 1451288K, used 926402K [0x0000000740000000, 0x0000000798946000, 0x00000007c0000000)
 Metaspace       used 142518K, capacity 143471K, committed 144440K, reserved 1173504K
  class space    used 19962K, capacity 20213K, committed 20340K, reserved 1048576K
GC Heap History (10 events):
Event: 4114.137 GC heap before
{Heap before GC invocations=408 (full 37):
 par new generation   total 943744K, used 923009K [0x0000000700000000, 0x0000000740000000, 0x0000000740000000)
  eden space 838912K, 100% used [0x0000000700000000, 0x0000000733340000, 0x0000000733340000)
  from space 104832K,  80% used [0x00000007399a0000, 0x000000073ebc05c0, 0x0000000740000000)
  to   space 104832K,   0% used [0x0000000733340000, 0x0000000733340000, 0x00000007399a0000)
 concurrent mark-sweep generation total 1451288K, used 912359K [0x0000000740000000, 0x0000000798946000, 0x00000007c0000000)
 Metaspace       used 142455K, capacity 143375K, committed 144312K, reserved 1173504K
  class space    used 19958K, capacity 20181K, committed 20212K, reserved 1048576K
Event: 4114.238 GC heap after
Heap after GC invocations=409 (full 37):
 par new generation   total 943744K, used 53443K [0x0000000700000000, 0x0000000740000000, 0x0000000740000000)
  eden space 838912K,   0% used [0x0000000700000000, 0x0000000700000000, 0x0000000733340000)
  from space 104832K,  50% used [0x0000000733340000, 0x0000000736770e78, 0x00000007399a0000)
  to   space 104832K,   0% used [0x00000007399a0000, 0x00000007399a0000, 0x0000000740000000)
 concurrent mark-sweep generation total 1451288K, used 925170K [0x0000000740000000, 0x0000000798946000, 0x00000007c0000000)
 Metaspace       used 142455K, capacity 143375K, committed 144312K, reserved 1173504K
  class space    used 19958K, capacity 20181K, committed 20212K, reserved 1048576K
}
Event: 4121.146 GC heap before
{Heap before GC invocations=409 (full 37):
 par new generation   total 943744K, used 892355K [0x0000000700000000, 0x0000000740000000, 0x0000000740000000)
  eden space 838912K, 100% used [0x0000000700000000, 0x0000000733340000, 0x0000000733340000)
  from space 104832K,  50% used [0x0000000733340000, 0x0000000736770e78, 0x00000007399a0000)
  to   space 104832K,   0% used [0x00000007399a0000, 0x00000007399a0000, 0x0000000740000000)
 concurrent mark-sweep generation total 1451288K, used 925170K [0x0000000740000000, 0x0000000798946000, 0x00000007c0000000)
 Metaspace       used 142503K, capacity 143471K, committed 144440K, reserved 1173504K
  class space    used 19962K, capacity 20213K, committed 20340K, reserved 1048576K
Event: 4121.206 GC heap after
Heap after GC invocations=410 (full 37):
 par new generation   total 943744K, used 53637K [0x0000000700000000, 0x0000000740000000, 0x0000000740000000)
  eden space 838912K,   0% used [0x0000000700000000, 0x0000000700000000, 0x0000000733340000)
  from space 104832K,  51% used [0x00000007399a0000, 0x000000073ce01718, 0x0000000740000000)
  to   space 104832K,   0% used [0x0000000733340000, 0x0000000733340000, 0x00000007399a0000)
 concurrent mark-sweep generation total 1451288K, used 925170K [0x0000000740000000, 0x0000000798946000, 0x00000007c0000000)
 Metaspace       used 142503K, capacity 143471K, committed 144440K, reserved 1173504K
  class space    used 19962K, capacity 20213K, committed 20340K, reserved 1048576K
}
Event: 4130.711 GC heap before
{Heap before GC invocations=410 (full 37):
 par new generation   total 943744K, used 892549K [0x0000000700000000, 0x0000000740000000, 0x0000000740000000)
  eden space 838912K, 100% used [0x0000000700000000, 0x0000000733340000, 0x0000000733340000)
  from space 104832K,  51% used [0x00000007399a0000, 0x000000073ce01718, 0x0000000740000000)
  to   space 104832K,   0% used [0x0000000733340000, 0x0000000733340000, 0x00000007399a0000)
 concurrent mark-sweep generation total 1451288K, used 925170K [0x0000000740000000, 0x0000000798946000, 0x00000007c0000000)
 Metaspace       used 142504K, capacity 143471K, committed 144440K, reserved 1173504K
  class space    used 19962K, capacity 20213K, committed 20340K, reserved 1048576K
Event: 4130.836 GC heap after
Heap after GC invocations=411 (full 37):
 par new generation   total 943744K, used 58657K [0x0000000700000000, 0x0000000740000000, 0x0000000740000000)
  eden space 838912K,   0% used [0x0000000700000000, 0x0000000700000000, 0x0000000733340000)
  from space 104832K,  55% used [0x0000000733340000, 0x0000000736c88700, 0x00000007399a0000)
  to   space 104832K,   0% used [0x00000007399a0000, 0x00000007399a0000, 0x0000000740000000)
 concurrent mark-sweep generation total 1451288K, used 925170K [0x0000000740000000, 0x0000000798946000, 0x00000007c0000000)
 Metaspace       used 142504K, capacity 143471K, committed 144440K, reserved 1173504K
  class space    used 19962K, capacity 20213K, committed 20340K, reserved 1048576K
}
Event: 4151.561 GC heap before
{Heap before GC invocations=411 (full 37):
 par new generation   total 943744K, used 897337K [0x0000000700000000, 0x0000000740000000, 0x0000000740000000)
  eden space 838912K,  99% used [0x0000000700000000, 0x00000007333060b8, 0x0000000733340000)
  from space 104832K,  55% used [0x0000000733340000, 0x0000000736c88700, 0x00000007399a0000)
  to   space 104832K,   0% used [0x00000007399a0000, 0x00000007399a0000, 0x0000000740000000)
 concurrent mark-sweep generation total 1451288K, used 925170K [0x0000000740000000, 0x0000000798946000, 0x00000007c0000000)
 Metaspace       used 142507K, capacity 143471K, committed 144440K, reserved 1173504K
  class space    used 19962K, capacity 20213K, committed 20340K, reserved 1048576K
Event: 4151.614 GC heap after
Heap after GC invocations=412 (full 37):
 par new generation   total 943744K, used 60777K [0x0000000700000000, 0x0000000740000000, 0x0000000740000000)
  eden space 838912K,   0% used [0x0000000700000000, 0x0000000700000000, 0x0000000733340000)
  from space 104832K,  57% used [0x00000007399a0000, 0x000000073d4fa570, 0x0000000740000000)
  to   space 104832K,   0% used [0x0000000733340000, 0x0000000733340000, 0x00000007399a0000)
 concurrent mark-sweep generation total 1451288K, used 925832K [0x0000000740000000, 0x0000000798946000, 0x00000007c0000000)
 Metaspace       used 142507K, capacity 143471K, committed 144440K, reserved 1173504K
  class space    used 19962K, capacity 20213K, committed 20340K, reserved 1048576K
}
Event: 4164.902 GC heap before
{Heap before GC invocations=412 (full 37):
 par new generation   total 943744K, used 899689K [0x0000000700000000, 0x0000000740000000, 0x0000000740000000)
  eden space 838912K, 100% used [0x0000000700000000, 0x0000000733340000, 0x0000000733340000)
  from space 104832K,  57% used [0x00000007399a0000, 0x000000073d4fa570, 0x0000000740000000)
  to   space 104832K,   0% used [0x0000000733340000, 0x0000000733340000, 0x00000007399a0000)
 concurrent mark-sweep generation total 1451288K, used 925832K [0x0000000740000000, 0x0000000798946000, 0x00000007c0000000)
 Metaspace       used 142510K, capacity 143471K, committed 144440K, reserved 1173504K
  class space    used 19962K, capacity 20213K, committed 20340K, reserved 1048576K
Event: 4164.979 GC heap after
Heap after GC invocations=413 (full 37):
 par new generation   total 943744K, used 47565K [0x0000000700000000, 0x0000000740000000, 0x0000000740000000)
  eden space 838912K,   0% used [0x0000000700000000, 0x0000000700000000, 0x0000000733340000)
  from space 104832K,  45% used [0x0000000733340000, 0x00000007361b3520, 0x00000007399a0000)
  to   space 104832K,   0% used [0x00000007399a0000, 0x00000007399a0000, 0x0000000740000000)
 concurrent mark-sweep generation total 1451288K, used 926402K [0x0000000740000000, 0x0000000798946000, 0x00000007c0000000)
 Metaspace       used 142510K, capacity 143471K, committed 144440K, reserved 1173504K
  class space    used 19962K, capacity 20213K, committed 20340K, reserved 1048576K
}

